Using pre-set license
Built from '2021.1/staging' branch; Version is '2021.1.7f1 (d91830b65d9b) revision 14227504'; Using compiler version '192528614'; Build Type 'Release'
OS: 'Windows 10 Education; OS build 19044.1586; Version 2009; 64bit' Language: 'en' Physical Memory: 16247 MB
BatchMode: 1, IsHumanControllingUs: 0, StartBugReporterOnCrash: 0, Is64bit: 1, IsPro: 0

 COMMAND LINE ARGUMENTS:
C:\Program Files\Unity 2021.1.7f1\Editor\Unity.exe
-adb2
-batchMode
-noUpm
-name
AssetImportWorker2
-projectPath
C:/Users/br.nx/Documents/GitHub/Farming-Game/FarmingGame
-logFile
Logs/AssetImportWorker2.log
-srvPort
64174
Successfully changed project path to: C:/Users/br.nx/Documents/GitHub/Farming-Game/FarmingGame
C:/Users/br.nx/Documents/GitHub/Farming-Game/FarmingGame
Using Asset Import Pipeline V2.
